<?xml version="1.0" encoding="UTF-8"?>
<!-- Generated by org.testng.reporters.JUnitReportReporter -->
<testsuite hostname="DESKTOP-RO3NQHF" failures="0" tests="4" name="com.starAgile.testng.TestNGSkip" time="0.016" errors="0" timestamp="2024-05-15T20:53:35 IST" skipped="1">
  <testcase classname="com.starAgile.testng.TestNGSkip" name="testCase1" time="0.002"/>
  <testcase classname="com.starAgile.testng.TestNGSkip" name="testCase4" time="0.009"/>
  <testcase classname="com.starAgile.testng.TestNGSkip" name="testCase3" time="0.005"/>
  <testcase classname="com.starAgile.testng.TestNGSkip" name="testCase2">
    <skipped/>
  </testcase> <!-- testCase2 -->
</testsuite> <!-- com.starAgile.testng.TestNGSkip -->
