<?xml version="1.0" encoding="UTF-8"?>
<!-- Generated by org.testng.reporters.JUnitReportReporter -->
<testsuite hostname="DESKTOP-RO3NQHF" failures="0" tests="3" name="com.starAgile.moduleThree.LoginTest" time="55.950" errors="0" timestamp="2024-06-03T20:34:53 IST" skipped="0">
  <testcase classname="com.starAgile.moduleThree.LoginTest" name="verifyForgotPassword" time="14.579"/>
  <testcase classname="com.starAgile.moduleThree.LoginTest" name="verifyLogo" time="16.189"/>
  <testcase classname="com.starAgile.moduleThree.LoginTest" name="login" time="25.182"/>
</testsuite> <!-- com.starAgile.moduleThree.LoginTest -->
