<?xml version="1.0" encoding="UTF-8"?>
<!-- Generated by org.testng.reporters.JUnitReportReporter -->
<testsuite hostname="DESKTOP-RO3NQHF" failures="0" tests="3" name="com.starAgile.testng.TestNgParallel" time="84.354" errors="0" timestamp="2024-05-15T21:24:22 IST" skipped="0">
  <testcase classname="com.starAgile.testng.TestNgParallel" name="testCase2" time="37.039"/>
  <testcase classname="com.starAgile.testng.TestNgParallel" name="testCase3" time="29.192"/>
  <testcase classname="com.starAgile.testng.TestNgParallel" name="testCase1" time="18.123"/>
</testsuite> <!-- com.starAgile.testng.TestNgParallel -->
