<?xml version="1.0" encoding="UTF-8"?>
<!-- Generated by org.testng.reporters.JUnitReportReporter -->
<testsuite hostname="DESKTOP-RO3NQHF" failures="0" tests="1" name="com.starAgile.testng.TestNGParameterization" time="9.786" errors="0" timestamp="2024-05-17T20:33:12 IST" skipped="0">
  <testcase classname="com.starAgile.testng.TestNGParameterization" name="invokeChrome" time="9.786"/>
</testsuite> <!-- com.starAgile.testng.TestNGParameterization -->
