<?xml version="1.0" encoding="UTF-8"?>
<!-- Generated by org.testng.reporters.JUnitReportReporter -->
<testsuite hostname="DESKTOP-RO3NQHF" failures="0" tests="4" name="com.starAgile.testng.TestNGPriority" time="0.017" errors="0" timestamp="2024-05-15T20:53:35 IST" skipped="0">
  <testcase classname="com.starAgile.testng.TestNGPriority" name="testCase1" time="0.003"/>
  <testcase classname="com.starAgile.testng.TestNGPriority" name="testCase4" time="0.010"/>
  <testcase classname="com.starAgile.testng.TestNGPriority" name="testCase3" time="0.002"/>
  <testcase classname="com.starAgile.testng.TestNGPriority" name="testCase2" time="0.002"/>
</testsuite> <!-- com.starAgile.testng.TestNGPriority -->
