<?xml version="1.0" encoding="UTF-8"?>
<!-- Generated by org.testng.reporters.JUnitReportReporter -->
<testsuite hostname="DESKTOP-RO3NQHF" failures="0" tests="2" name="com.starAgile.testng.TestNgDependsOnMethod" time="0.006" errors="0" timestamp="2024-05-15T20:53:35 IST" skipped="0">
  <testcase classname="com.starAgile.testng.TestNgDependsOnMethod" name="query" time="0.003"/>
  <testcase classname="com.starAgile.testng.TestNgDependsOnMethod" name="dBConnection" time="0.003"/>
</testsuite> <!-- com.starAgile.testng.TestNgDependsOnMethod -->
