<?xml version="1.0" encoding="UTF-8"?>
<!-- Generated by org.testng.reporters.JUnitReportReporter -->
<testsuite hostname="DESKTOP-RO3NQHF" failures="0" tests="3" name="com.starAgile.testng.TestNGTest1" time="87.729" errors="0" timestamp="2024-05-15T21:24:22 IST" skipped="0">
  <testcase classname="com.starAgile.testng.TestNGTest1" name="testCase1" time="17.446"/>
  <testcase classname="com.starAgile.testng.TestNGTest1" name="testCase2" time="40.772"/>
  <testcase classname="com.starAgile.testng.TestNGTest1" name="testCase3" time="29.511"/>
</testsuite> <!-- com.starAgile.testng.TestNGTest1 -->
