<?xml version="1.0" encoding="UTF-8"?>
<!-- Generated by org.testng.reporters.JUnitReportReporter -->
<testsuite hostname="DESKTOP-RO3NQHF" failures="0" tests="2" name="com.starAgile.moduleThree.AssertionsEg" time="95.447" errors="0" timestamp="2024-06-03T21:35:35 IST" skipped="0">
  <testcase classname="com.starAgile.moduleThree.AssertionsEg" name="testcase1" time="51.273"/>
  <testcase classname="com.starAgile.moduleThree.AssertionsEg" name="testcase2" time="44.174"/>
</testsuite> <!-- com.starAgile.moduleThree.AssertionsEg -->
