<?xml version="1.0" encoding="UTF-8"?>
<!-- Generated by org.testng.reporters.JUnitReportReporter -->
<testsuite hostname="DESKTOP-RO3NQHF" failures="0" tests="2" name="com.starAgile.testng.Annotations" time="0.031" errors="0" timestamp="2024-05-17T20:54:51 IST" skipped="0">
  <testcase classname="com.starAgile.testng.Annotations" name="testCase1" time="0.017"/>
  <testcase classname="com.starAgile.testng.Annotations" name="testCase2" time="0.014"/>
</testsuite> <!-- com.starAgile.testng.Annotations -->
