<?xml version="1.0" encoding="UTF-8"?>
<!-- Generated by org.testng.reporters.JUnitReportReporter -->
<testsuite hostname="DESKTOP-RO3NQHF" failures="0" tests="1" name="com.starAgile.testng.ReadExcel" time="12.405" errors="0" timestamp="2024-05-21T20:31:37 IST" skipped="0">
  <testcase classname="com.starAgile.testng.ReadExcel" name="fbLogin" time="12.405"/>
</testsuite> <!-- com.starAgile.testng.ReadExcel -->
